c:\users\wyaod\desktop\efff\remote_codepublisher\analyzer\debug\vc140.pdb
c:\users\wyaod\desktop\efff\remote_codepublisher\analyzer\debug\vc140.idb
c:\users\wyaod\desktop\efff\remote_codepublisher\analyzer\debug\abstrsyntree.obj
c:\users\wyaod\desktop\efff\remote_codepublisher\analyzer\debug\filemgr.obj
c:\users\wyaod\desktop\efff\remote_codepublisher\analyzer\debug\filesystem.obj
c:\users\wyaod\desktop\efff\remote_codepublisher\analyzer\debug\grammarhelpers.obj
c:\users\wyaod\desktop\efff\remote_codepublisher\analyzer\debug\logger.obj
c:\users\wyaod\desktop\efff\remote_codepublisher\analyzer\debug\actionsandrules.obj
c:\users\wyaod\desktop\efff\remote_codepublisher\analyzer\debug\configureparser.obj
c:\users\wyaod\desktop\efff\remote_codepublisher\analyzer\debug\parser.obj
c:\users\wyaod\desktop\efff\remote_codepublisher\analyzer\debug\scopestack.obj
c:\users\wyaod\desktop\efff\remote_codepublisher\analyzer\debug\semiexp.obj
c:\users\wyaod\desktop\efff\remote_codepublisher\analyzer\debug\tokenizer.obj
c:\users\wyaod\desktop\efff\remote_codepublisher\analyzer\debug\utilities.obj
c:\users\wyaod\desktop\efff\remote_codepublisher\analyzer\debug\executive.obj
c:\users\wyaod\desktop\efff\remote_codepublisher\analyzer\debug\typeanal_depanal_test.obj
c:\users\wyaod\desktop\efff\remote_codepublisher\debug\codeanalyzer.ilk
c:\users\wyaod\desktop\efff\remote_codepublisher\debug\codeanalyzer.exe
c:\users\wyaod\desktop\efff\remote_codepublisher\debug\codeanalyzer.pdb
c:\users\wyaod\desktop\efff\remote_codepublisher\analyzer\debug\codeanalyzer.tlog\cl.command.1.tlog
c:\users\wyaod\desktop\efff\remote_codepublisher\analyzer\debug\codeanalyzer.tlog\cl.read.1.tlog
c:\users\wyaod\desktop\efff\remote_codepublisher\analyzer\debug\codeanalyzer.tlog\cl.write.1.tlog
c:\users\wyaod\desktop\efff\remote_codepublisher\analyzer\debug\codeanalyzer.tlog\link.command.1.tlog
c:\users\wyaod\desktop\efff\remote_codepublisher\analyzer\debug\codeanalyzer.tlog\link.read.1.tlog
c:\users\wyaod\desktop\efff\remote_codepublisher\analyzer\debug\codeanalyzer.tlog\link.write.1.tlog
