c:\users\wyaod\desktop\efff\remote_codepublisher\codepublisher\debug\vc140.pdb
c:\users\wyaod\desktop\efff\remote_codepublisher\codepublisher\debug\vc140.idb
c:\users\wyaod\desktop\efff\remote_codepublisher\codepublisher\debug\abstrsyntree.obj
c:\users\wyaod\desktop\efff\remote_codepublisher\codepublisher\debug\filemgr.obj
c:\users\wyaod\desktop\efff\remote_codepublisher\codepublisher\debug\filesystem.obj
c:\users\wyaod\desktop\efff\remote_codepublisher\codepublisher\debug\grammarhelpers.obj
c:\users\wyaod\desktop\efff\remote_codepublisher\codepublisher\debug\logger.obj
c:\users\wyaod\desktop\efff\remote_codepublisher\codepublisher\debug\actionsandrules.obj
c:\users\wyaod\desktop\efff\remote_codepublisher\codepublisher\debug\configureparser.obj
c:\users\wyaod\desktop\efff\remote_codepublisher\codepublisher\debug\parser.obj
c:\users\wyaod\desktop\efff\remote_codepublisher\codepublisher\debug\semiexp.obj
c:\users\wyaod\desktop\efff\remote_codepublisher\codepublisher\debug\tokenizer.obj
c:\users\wyaod\desktop\efff\remote_codepublisher\codepublisher\debug\utilities.obj
c:\users\wyaod\desktop\efff\remote_codepublisher\codepublisher\debug\codepub.obj
c:\users\wyaod\desktop\efff\remote_codepublisher\codepublisher\debug\analyzerexec.obj
c:\users\wyaod\desktop\efff\remote_codepublisher\codepublisher\debug\demoexecutive.obj
c:\users\wyaod\desktop\efff\remote_codepublisher\codepublisher\debug\publist.obj
c:\users\wyaod\desktop\efff\remote_codepublisher\debug\codepublisher.ilk
c:\users\wyaod\desktop\efff\remote_codepublisher\debug\codepublisher.exe
c:\users\wyaod\desktop\efff\remote_codepublisher\debug\codepublisher.pdb
c:\users\wyaod\desktop\efff\remote_codepublisher\codepublisher\debug\codepublisher.tlog\cl.command.1.tlog
c:\users\wyaod\desktop\efff\remote_codepublisher\codepublisher\debug\codepublisher.tlog\cl.read.1.tlog
c:\users\wyaod\desktop\efff\remote_codepublisher\codepublisher\debug\codepublisher.tlog\cl.write.1.tlog
c:\users\wyaod\desktop\efff\remote_codepublisher\codepublisher\debug\codepublisher.tlog\link.command.1.tlog
c:\users\wyaod\desktop\efff\remote_codepublisher\codepublisher\debug\codepublisher.tlog\link.read.1.tlog
c:\users\wyaod\desktop\efff\remote_codepublisher\codepublisher\debug\codepublisher.tlog\link.write.1.tlog
